<?xml version="1.0" encoding="UTF-8"?>
<!-- Generated by org.testng.reporters.JUnitReportReporter -->
<testsuite hostname="kranadmin" failures="0" tests="1" name="LoveDale.AppTest" time="86.824" errors="0" timestamp="2024-03-24T23:12:00 IST" skipped="0">
  <testcase classname="LoveDale.AppTest" name="registration" time="86.824"/>
</testsuite> <!-- LoveDale.AppTest -->
